<?xml version="1.0" encoding="UTF-8"?>
<testsuite xmlns:xsi="http://www.w3.org/2001/XMLSchema-instance" xsi:noNamespaceSchemaLocation="https://maven.apache.org/surefire/maven-surefire-plugin/xsd/surefire-test-report-3.0.xsd" version="3.0" name="edu.bu.met.cs665.DriverNotificationTest" time="0.061" tests="5" errors="0" skipped="0" failures="0">
  <properties>
[...]
</properties>
  <testcase name="testDriverCreation" classname="edu.bu.met.cs665.DriverNotificationTest" time="0.031">
    <system-err><![CDATA[Apr 16, 2024 2:31:22 PM edu.bu.met.cs665.Shop subscribe
INFO: Driver subscribed: edu.bu.met.cs665.Driver@271053e1
Apr 16, 2024 2:31:22 PM edu.bu.met.cs665.Shop subscribe
INFO: Driver subscribed: edu.bu.met.cs665.Driver@4e9ba398
Apr 16, 2024 2:31:22 PM edu.bu.met.cs665.Shop subscribe
INFO: Driver subscribed: edu.bu.met.cs665.Driver@6d7b4f4c
Apr 16, 2024 2:31:22 PM edu.bu.met.cs665.Shop subscribe
INFO: Driver subscribed: edu.bu.met.cs665.Driver@527740a2
Apr 16, 2024 2:31:22 PM edu.bu.met.cs665.Shop subscribe
INFO: Driver subscribed: edu.bu.met.cs665.Driver@13a5fe33
Apr 16, 2024 2:31:22 PM edu.bu.met.cs665.Driver update
INFO: Driver Driver1 notified about delivery request: ORDER_2202
Apr 16, 2024 2:31:22 PM edu.bu.met.cs665.Driver update
INFO: Driver Driver2 notified about delivery request: ORDER_2202
Apr 16, 2024 2:31:22 PM edu.bu.met.cs665.Driver update
INFO: Driver Driver3 notified about delivery request: ORDER_2202
Apr 16, 2024 2:31:22 PM edu.bu.met.cs665.Driver update
INFO: Driver Driver4 notified about delivery request: ORDER_2202
Apr 16, 2024 2:31:22 PM edu.bu.met.cs665.Driver update
INFO: Driver Driver5 notified about delivery request: ORDER_2202
Apr 16, 2024 2:31:22 PM edu.bu.met.cs665.Shop notifyObservers
INFO: Notified all drivers about new delivery request: ORDER_2202
]]></system-err>
  </testcase>
  <testcase name="testDriverUpdates" classname="edu.bu.met.cs665.DriverNotificationTest" time="0.0">
    <system-err><![CDATA[Apr 16, 2024 2:31:22 PM edu.bu.met.cs665.Shop subscribe
INFO: Driver subscribed: edu.bu.met.cs665.Driver@520a3426
Apr 16, 2024 2:31:22 PM edu.bu.met.cs665.Shop subscribe
INFO: Driver subscribed: edu.bu.met.cs665.Driver@18eed359
Apr 16, 2024 2:31:22 PM edu.bu.met.cs665.Shop subscribe
INFO: Driver subscribed: edu.bu.met.cs665.Driver@3e9b1010
Apr 16, 2024 2:31:22 PM edu.bu.met.cs665.Shop subscribe
INFO: Driver subscribed: edu.bu.met.cs665.Driver@6c3708b3
Apr 16, 2024 2:31:22 PM edu.bu.met.cs665.Shop subscribe
INFO: Driver subscribed: edu.bu.met.cs665.Driver@6f1fba17
Apr 16, 2024 2:31:22 PM edu.bu.met.cs665.Driver update
INFO: Driver Driver1 notified about delivery request: ORDER_2202
Apr 16, 2024 2:31:22 PM edu.bu.met.cs665.Driver update
INFO: Driver Driver2 notified about delivery request: ORDER_2202
Apr 16, 2024 2:31:22 PM edu.bu.met.cs665.Driver update
INFO: Driver Driver3 notified about delivery request: ORDER_2202
Apr 16, 2024 2:31:22 PM edu.bu.met.cs665.Driver update
INFO: Driver Driver4 notified about delivery request: ORDER_2202
Apr 16, 2024 2:31:22 PM edu.bu.met.cs665.Driver update
INFO: Driver Driver5 notified about delivery request: ORDER_2202
Apr 16, 2024 2:31:22 PM edu.bu.met.cs665.Shop notifyObservers
INFO: Notified all drivers about new delivery request: ORDER_2202
Apr 16, 2024 2:31:22 PM edu.bu.met.cs665.Shop unsubscribe
INFO: Driver unsubscribed: edu.bu.met.cs665.Driver@520a3426
Apr 16, 2024 2:31:22 PM edu.bu.met.cs665.Shop unsubscribe
INFO: Driver unsubscribed: edu.bu.met.cs665.Driver@3e9b1010
Apr 16, 2024 2:31:22 PM edu.bu.met.cs665.Shop unsubscribe
INFO: Driver unsubscribed: edu.bu.met.cs665.Driver@6f1fba17
]]></system-err>
  </testcase>
  <testcase name="testDeliveryRequestCreation" classname="edu.bu.met.cs665.DriverNotificationTest" time="0.001">
    <system-err><![CDATA[Apr 16, 2024 2:31:22 PM edu.bu.met.cs665.Shop subscribe
INFO: Driver subscribed: edu.bu.met.cs665.Driver@185d8b6
Apr 16, 2024 2:31:22 PM edu.bu.met.cs665.Shop subscribe
INFO: Driver subscribed: edu.bu.met.cs665.Driver@67784306
Apr 16, 2024 2:31:22 PM edu.bu.met.cs665.Shop subscribe
INFO: Driver subscribed: edu.bu.met.cs665.Driver@335eadca
Apr 16, 2024 2:31:22 PM edu.bu.met.cs665.Shop subscribe
INFO: Driver subscribed: edu.bu.met.cs665.Driver@210366b4
Apr 16, 2024 2:31:22 PM edu.bu.met.cs665.Shop subscribe
INFO: Driver subscribed: edu.bu.met.cs665.Driver@eec5a4a
Apr 16, 2024 2:31:22 PM edu.bu.met.cs665.Driver update
INFO: Driver Driver1 notified about delivery request: ORDER_2202
Apr 16, 2024 2:31:22 PM edu.bu.met.cs665.Driver update
INFO: Driver Driver2 notified about delivery request: ORDER_2202
Apr 16, 2024 2:31:22 PM edu.bu.met.cs665.Driver update
INFO: Driver Driver3 notified about delivery request: ORDER_2202
Apr 16, 2024 2:31:22 PM edu.bu.met.cs665.Driver update
INFO: Driver Driver4 notified about delivery request: ORDER_2202
Apr 16, 2024 2:31:22 PM edu.bu.met.cs665.Driver update
INFO: Driver Driver5 notified about delivery request: ORDER_2202
Apr 16, 2024 2:31:22 PM edu.bu.met.cs665.Shop notifyObservers
INFO: Notified all drivers about new delivery request: ORDER_2202
]]></system-err>
  </testcase>
  <testcase name="testDeliveryRequestNotification" classname="edu.bu.met.cs665.DriverNotificationTest" time="0.004">
    <system-err><![CDATA[Apr 16, 2024 2:31:22 PM edu.bu.met.cs665.Shop subscribe
INFO: Driver subscribed: edu.bu.met.cs665.Driver@2b2948e2
Apr 16, 2024 2:31:22 PM edu.bu.met.cs665.Shop subscribe
INFO: Driver subscribed: edu.bu.met.cs665.Driver@6ddf90b0
Apr 16, 2024 2:31:22 PM edu.bu.met.cs665.Shop subscribe
INFO: Driver subscribed: edu.bu.met.cs665.Driver@57536d79
Apr 16, 2024 2:31:22 PM edu.bu.met.cs665.Shop subscribe
INFO: Driver subscribed: edu.bu.met.cs665.Driver@3b0143d3
Apr 16, 2024 2:31:22 PM edu.bu.met.cs665.Shop subscribe
INFO: Driver subscribed: edu.bu.met.cs665.Driver@5a8e6209
Apr 16, 2024 2:31:22 PM edu.bu.met.cs665.Driver update
INFO: Driver Driver1 notified about delivery request: ORDER_2202
Apr 16, 2024 2:31:22 PM edu.bu.met.cs665.Driver update
INFO: Driver Driver2 notified about delivery request: ORDER_2202
Apr 16, 2024 2:31:22 PM edu.bu.met.cs665.Driver update
INFO: Driver Driver3 notified about delivery request: ORDER_2202
Apr 16, 2024 2:31:22 PM edu.bu.met.cs665.Driver update
INFO: Driver Driver4 notified about delivery request: ORDER_2202
Apr 16, 2024 2:31:22 PM edu.bu.met.cs665.Driver update
INFO: Driver Driver5 notified about delivery request: ORDER_2202
Apr 16, 2024 2:31:22 PM edu.bu.met.cs665.Shop notifyObservers
INFO: Notified all drivers about new delivery request: ORDER_2202
Apr 16, 2024 2:31:22 PM edu.bu.met.cs665.Driver update
INFO: Driver Driver1 notified about delivery request: ORDER_2202
Apr 16, 2024 2:31:22 PM edu.bu.met.cs665.Driver update
INFO: Driver Driver2 notified about delivery request: ORDER_2202
Apr 16, 2024 2:31:22 PM edu.bu.met.cs665.Driver update
INFO: Driver Driver3 notified about delivery request: ORDER_2202
Apr 16, 2024 2:31:22 PM edu.bu.met.cs665.Driver update
INFO: Driver Driver4 notified about delivery request: ORDER_2202
Apr 16, 2024 2:31:22 PM edu.bu.met.cs665.Driver update
INFO: Driver Driver5 notified about delivery request: ORDER_2202
Apr 16, 2024 2:31:22 PM edu.bu.met.cs665.Shop notifyObservers
INFO: Notified all drivers about new delivery request: ORDER_2202
]]></system-err>
  </testcase>
  <testcase name="testShopCreation" classname="edu.bu.met.cs665.DriverNotificationTest" time="0.001">
    <system-err><![CDATA[Apr 16, 2024 2:31:22 PM edu.bu.met.cs665.Shop subscribe
INFO: Driver subscribed: edu.bu.met.cs665.Driver@4b4523f8
Apr 16, 2024 2:31:22 PM edu.bu.met.cs665.Shop subscribe
INFO: Driver subscribed: edu.bu.met.cs665.Driver@731a74c
Apr 16, 2024 2:31:22 PM edu.bu.met.cs665.Shop subscribe
INFO: Driver subscribed: edu.bu.met.cs665.Driver@369f73a2
Apr 16, 2024 2:31:22 PM edu.bu.met.cs665.Shop subscribe
INFO: Driver subscribed: edu.bu.met.cs665.Driver@1f28c152
Apr 16, 2024 2:31:22 PM edu.bu.met.cs665.Shop subscribe
INFO: Driver subscribed: edu.bu.met.cs665.Driver@7d907bac
Apr 16, 2024 2:31:22 PM edu.bu.met.cs665.Driver update
INFO: Driver Driver1 notified about delivery request: ORDER_2202
Apr 16, 2024 2:31:22 PM edu.bu.met.cs665.Driver update
INFO: Driver Driver2 notified about delivery request: ORDER_2202
Apr 16, 2024 2:31:22 PM edu.bu.met.cs665.Driver update
INFO: Driver Driver3 notified about delivery request: ORDER_2202
Apr 16, 2024 2:31:22 PM edu.bu.met.cs665.Driver update
INFO: Driver Driver4 notified about delivery request: ORDER_2202
Apr 16, 2024 2:31:22 PM edu.bu.met.cs665.Driver update
INFO: Driver Driver5 notified about delivery request: ORDER_2202
Apr 16, 2024 2:31:22 PM edu.bu.met.cs665.Shop notifyObservers
INFO: Notified all drivers about new delivery request: ORDER_2202
]]></system-err>
  </testcase>
</testsuite>